Using pre-set license

 COMMAND LINE ARGUMENTS:
/Applications/Unity/2020.2.4f1/Unity.app/Contents/MacOS/Unity
-adb2
-batchMode
-noUpm
-name
AssetImportWorker0
-projectPath
/Users/erimkurt/Documents/Unity Projects/Prototype-Unity-Shopping-Cart/Prototype-Unity-Shopping-Cart
-logFile
Logs/AssetImportWorker0.log
-srvPort
53666
Successfully changed project path to: /Users/erimkurt/Documents/Unity Projects/Prototype-Unity-Shopping-Cart/Prototype-Unity-Shopping-Cart
/Users/erimkurt/Documents/Unity Projects/Prototype-Unity-Shopping-Cart/Prototype-Unity-Shopping-Cart
Using Asset Import Pipeline V2.
Refreshing native plugins compatible for Editor in 23.51 ms, found 1 plugins.
Preloading 0 native plugins for Editor in 0.00 ms.
Initialize engine version: 2020.2.4f1 (becced5a802b)
[Subsystems] Discovering subsystems at path /Applications/Unity/2020.2.4f1/Unity.app/Contents/Resources/UnitySubsystems
[Subsystems] Discovering subsystems at path /Users/erimkurt/Documents/Unity Projects/Prototype-Unity-Shopping-Cart/Prototype-Unity-Shopping-Cart/Assets
GfxDevice: creating device client; threaded=0
2021-07-04 11:33:07.925 Unity[1972:85643] Color LCD preferred device: AMD Radeon Pro 555X (high power)
2021-07-04 11:33:07.925 Unity[1972:85643] Metal devices available: 2
2021-07-04 11:33:07.925 Unity[1972:85643] 0: AMD Radeon Pro 555X (high power)
2021-07-04 11:33:07.925 Unity[1972:85643] 1: Intel(R) UHD Graphics 630 (low power)
2021-07-04 11:33:07.926 Unity[1972:85643] Using device AMD Radeon Pro 555X (high power)
Initializing Metal device caps: AMD Radeon Pro 555X
Initialize mono
Mono path[0] = '/Applications/Unity/2020.2.4f1/Unity.app/Contents/Managed'
Mono path[1] = '/Applications/Unity/2020.2.4f1/Unity.app/Contents/MonoBleedingEdge/lib/mono/unityjit'
Mono config path = '/Applications/Unity/2020.2.4f1/Unity.app/Contents/MonoBleedingEdge/etc'
Using monoOptions --debugger-agent=transport=dt_socket,embedding=1,server=y,suspend=n,address=127.0.0.1:56972
Begin MonoManager ReloadAssembly
Registering precompiled unity dll's ...
Register platform support module: /Applications/Unity/2020.2.4f1/Unity.app/Contents/PlaybackEngines/MacStandaloneSupport/UnityEditor.OSXStandalone.Extensions.dll
Registered in 0.000513 seconds.
Native extension for OSXStandalone target not found
Refreshing native plugins compatible for Editor in 19.76 ms, found 1 plugins.
Preloading 0 native plugins for Editor in 0.00 ms.
Invoked RoslynAnalysisRunner static constructor.
RoslynAnalysisRunner will not be running.
RoslynAnalysisRunner has terminated.
Mono: successfully reloaded assembly
- Completed reload, in  1.266 seconds
Platform modules already initialized, skipping
Registering precompiled user dll's ...
Registered in 0.000326 seconds.
Begin MonoManager ReloadAssembly
Native extension for OSXStandalone target not found
Refreshing native plugins compatible for Editor in 0.31 ms, found 1 plugins.
Preloading 0 native plugins for Editor in 0.00 ms.
Invoked RoslynAnalysisRunner static constructor.
RoslynAnalysisRunner will not be running.
RoslynAnalysisRunner has terminated.
Mono: successfully reloaded assembly
- Completed reload, in  0.916 seconds
Platform modules already initialized, skipping
========================================================================
Worker process is ready to serve import requests
Launching external process: /Applications/Unity/2020.2.4f1/Unity.app/Contents/Tools/UnityShaderCompiler
Launched and connected shader compiler UnityShaderCompiler after 0.01 seconds
Refreshing native plugins compatible for Editor in 0.20 ms, found 1 plugins.
Preloading 0 native plugins for Editor in 0.00 ms.
Unloading 1104 Unused Serialized files (Serialized files now loaded: 0)
System memory in use before: 108.0 MB.
System memory in use after: 108.0 MB.

Unloading 10 unused Assets to reduce memory usage. Loaded Objects now: 1545.
Total: 2.904335 ms (FindLiveObjects: 0.222052 ms CreateObjectMapping: 0.071706 ms MarkObjects: 2.500821 ms  DeleteObjects: 0.107541 ms)

========================================================================
Received Prepare
Registering precompiled user dll's ...
Registered in 0.000353 seconds.
Begin MonoManager ReloadAssembly
Native extension for OSXStandalone target not found
Refreshing native plugins compatible for Editor in 0.20 ms, found 1 plugins.
Preloading 0 native plugins for Editor in 0.00 ms.
Invoked RoslynAnalysisRunner static constructor.
RoslynAnalysisRunner will not be running.
RoslynAnalysisRunner has terminated.
Mono: successfully reloaded assembly
- Completed reload, in  0.832 seconds
Platform modules already initialized, skipping
Refreshing native plugins compatible for Editor in 0.16 ms, found 1 plugins.
Preloading 0 native plugins for Editor in 0.00 ms.
Unloading 1106 Unused Serialized files (Serialized files now loaded: 0)
System memory in use before: 108.3 MB.
System memory in use after: 108.4 MB.

Unloading 5 unused Assets to reduce memory usage. Loaded Objects now: 1554.
Total: 2.609303 ms (FindLiveObjects: 0.271837 ms CreateObjectMapping: 0.089507 ms MarkObjects: 2.162492 ms  DeleteObjects: 0.083083 ms)

========================================================================
Received Import Request.
  path: Assets/Scenes
  artifactKey: Guid(9bb2397d68f6b9b41b384b5e003950cc) Importer(815301076,1909f56bfc062723c751e8b465ee728b)
Start importing Assets/Scenes using Guid(9bb2397d68f6b9b41b384b5e003950cc) Importer(815301076,1909f56bfc062723c751e8b465ee728b)  -> (artifact id: '7f4cb50dce4ad4e35f7b1a07f16080c7') in 0.003162 seconds
  Import took 0.004825 seconds .

========================================================================
Received Import Request.
  Time since last request: 0.011176 seconds.
  path: Assets/Scenes
  artifactKey: Guid(9bb2397d68f6b9b41b384b5e003950cc) Importer(815301076,1909f56bfc062723c751e8b465ee728b)
Start importing Assets/Scenes using Guid(9bb2397d68f6b9b41b384b5e003950cc) Importer(815301076,1909f56bfc062723c751e8b465ee728b)  -> (artifact id: '7f4cb50dce4ad4e35f7b1a07f16080c7') in 0.001409 seconds
  Import took 0.003891 seconds .

========================================================================
Received Import Request.
  Time since last request: 5.103507 seconds.
  path: Assets/Scenes/Scene01.unity
  artifactKey: Guid(975601af4a5170f408ed14779c847599) Importer(815301076,1909f56bfc062723c751e8b465ee728b)
Start importing Assets/Scenes/Scene01.unity using Guid(975601af4a5170f408ed14779c847599) Importer(815301076,1909f56bfc062723c751e8b465ee728b)  -> (artifact id: '42784dae2cd0dc417c2011fad6248249') in 0.009614 seconds
  Import took 0.011673 seconds .

========================================================================
Received Prepare
Registering precompiled user dll's ...
Registered in 0.000531 seconds.
Begin MonoManager ReloadAssembly
Native extension for OSXStandalone target not found
Refreshing native plugins compatible for Editor in 0.23 ms, found 1 plugins.
Preloading 0 native plugins for Editor in 0.00 ms.
Invoked RoslynAnalysisRunner static constructor.
RoslynAnalysisRunner will not be running.
RoslynAnalysisRunner has terminated.
Mono: successfully reloaded assembly
- Completed reload, in  1.478 seconds
Platform modules already initialized, skipping
Refreshing native plugins compatible for Editor in 0.20 ms, found 1 plugins.
Preloading 0 native plugins for Editor in 0.00 ms.
Unloading 1488 Unused Serialized files (Serialized files now loaded: 0)
System memory in use before: 142.6 MB.
System memory in use after: 142.6 MB.

Unloading 8 unused Assets to reduce memory usage. Loaded Objects now: 1935.
Total: 1.825919 ms (FindLiveObjects: 0.174637 ms CreateObjectMapping: 0.058909 ms MarkObjects: 1.513342 ms  DeleteObjects: 0.077377 ms)

========================================================================
Received Prepare
Registering precompiled user dll's ...
Registered in 0.000638 seconds.
Begin MonoManager ReloadAssembly
Native extension for OSXStandalone target not found
Refreshing native plugins compatible for Editor in 0.23 ms, found 1 plugins.
Preloading 0 native plugins for Editor in 0.00 ms.
Invoked RoslynAnalysisRunner static constructor.
RoslynAnalysisRunner will not be running.
RoslynAnalysisRunner has terminated.
Mono: successfully reloaded assembly
- Completed reload, in  0.941 seconds
Platform modules already initialized, skipping
Refreshing native plugins compatible for Editor in 0.27 ms, found 1 plugins.
Preloading 0 native plugins for Editor in 0.00 ms.
Unloading 1488 Unused Serialized files (Serialized files now loaded: 0)
System memory in use before: 143.0 MB.
System memory in use after: 143.0 MB.

Unloading 8 unused Assets to reduce memory usage. Loaded Objects now: 1937.
Total: 1.827076 ms (FindLiveObjects: 0.176301 ms CreateObjectMapping: 0.055242 ms MarkObjects: 1.519887 ms  DeleteObjects: 0.074392 ms)

AssetImportWorkerClient::OnTransportError - code=2 error=End of file
